


materialPath: C:\Program Files\Steam\steamapps\common\Counter-Strike Global Offensive\csgo\materials
Loading c:\program files\steam\steamapps\common\counter-strike global offensive\sdk_content\maps\work-in-progress\de_virtual\areas\arena.vmf
Map revision 8
fixing up env_cubemap materials on brush sides...
0...1...2...3...4...5...6...7...8...9...100...1...2...3...4...5...6...7...8...9...10Processing areas...done (0)
Building Faces...done (0)
FixTjuncs...
PruneNodes...
WriteBSP...
done (0)
writing c:\program files\steam\steamapps\common\counter-strike global offensive\sdk_content\maps\work-in-progress\de_virtual\areas\arena.prt...Building visibility clusters...
AutoVisClustering (threshold=-1) matched 0 leafs.
done (0)
Finding displacement neighbors...
Finding lightmap sample positions...
Displacement Alpha : 0...1...2...3...4...5...6...7...8...9...10
Building Physics collision data...
done (0) (7572 bytes)
Placing detail props : 0...1...2...3...4...5...6...7...8...9...10
Compacting texture/material tables...
Reduced 9 texinfos to 5
Reduced 4 texdatas to 4 (102 bytes to 102)
Writing c:\program files\steam\steamapps\common\counter-strike global offensive\sdk_content\maps\work-in-progress\de_virtual\areas\arena.bsp
MSG_FILEWRITE - Filesystem was asked to write to 'c:\program files\steam\steamapps\common\counter-strike global offensive\sdk_content\maps\work-in-progress\de_virtual\areas\arena.bsp', but we don't own that location. Allowing...
0 seconds elapsed



8 threads
reading c:\program files\steam\steamapps\common\counter-strike global offensive\sdk_content\maps\work-in-progress\de_virtual\areas\arena.bsp
reading c:\program files\steam\steamapps\common\counter-strike global offensive\sdk_content\maps\work-in-progress\de_virtual\areas\arena.prt
  36 portalclusters
  84 numportals
0...1...2...3...4...5...6...7...8...9...100...1...2...3...4...5...6...7...8...9...10Optimized: 0 visible clusters (0.00%)
Total clusters visible: 1264
Average clusters visible: 35
Building PAS...
Average clusters audible: 36
visdatasize:652  compressed from 576
writing c:\program files\steam\steamapps\common\counter-strike global offensive\sdk_content\maps\work-in-progress\de_virtual\areas\arena.bsp
MSG_FILEWRITE - Filesystem was asked to write to 'c:\program files\steam\steamapps\common\counter-strike global offensive\sdk_content\maps\work-in-progress\de_virtual\areas\arena.bsp', but we don't own that location. Allowing...
0 seconds elapsed



[Reading texlights from 'lights.rad']
[40 texlights parsed from 'lights.rad']

Loading c:\program files\steam\steamapps\common\counter-strike global offensive\sdk_content\maps\work-in-progress\de_virtual\areas\arena.bsp
60 faces
479573 square feet [69058560.00 square inches]
0 Displacements
0 Square Feet [0.00 Square Inches]
60 patches before subdivision
484 patches after subdivision
2 direct lights
0...1...2...3...4...5...6...7...8...9...100...1...2...3...4...5...6...7...8...9...10transfers 17340, max 110
transfer lists:   0.1 megs
0...1...2...3...4...5...6...7...8...9...10	Bounce #1 added RGB(2370, 750, 124)
0...1...2...3...4...5...6...7...8...9...10	Bounce #2 added RGB(603, 72, 0)
0...1...2...3...4...5...6...7...8...9...10	Bounce #3 added RGB(161, 7, 0)
0...1...2...3...4...5...6...7...8...9...10	Bounce #4 added RGB(42, 1, 0)
0...1...2...3...4...5...6...7...8...9...10	Bounce #5 added RGB(11, 0, 0)
0...1...2...3...4...5...6...7...8...9...10	Bounce #6 added RGB(3, 0, 0)
0...1...2...3...4...5...6...7...8...9...10	Bounce #7 added RGB(1, 0, 0)
Build Patch/Sample Hash Table(s).....Done<0.0002 sec>
0...1...2...3...4...5...6...7...8...9...10FinalLightFace Done
0 of 0 (0% of) surface lights went in leaf ambient cubes.
0...1...2...3...4...5...6...7...8...9...10Writing leaf ambient...done
Ready to Finish

Object names       Objects/Maxobjs  Memory / Maxmem  Fullness 
------------       ---------------  ---------------  -------- 
models                   1/1024           48/49152    ( 0.1%) 
brushes                 23/8192          276/98304    ( 0.3%) 
brushsides             138/81920        1104/655360   ( 0.2%) 
planes                 168/65536        3360/1310720  ( 0.3%) 
vertexes               121/65536        1452/786432   ( 0.2%) 
nodes                  111/65536        3552/2097152  ( 0.2%) 
texinfos                 5/12288         360/884736   ( 0.0%) 
texdata                  4/4096          128/131072   ( 0.1%) 
dispinfos                0/0               0/0        ( 0.0%) 
disp_verts               0/0               0/0        ( 0.0%) 
disp_tris                0/0               0/0        ( 0.0%) 
disp_multiblend          0/0               0/0        ( 0.0%) 
disp_lmsamples           0/0               0/0        ( 0.0%) 
faces                   60/65536        3360/3670016  ( 0.1%) 
hdr faces                0/65536           0/3670016  ( 0.0%) 
origfaces               11/65536         616/3670016  ( 0.0%) 
facebrushes              0/0               0/0        ( 0.0%) 
facebrushlists          60/0             240/0        ( 0.0%) 
leaves                 113/65536        3616/2097152  ( 0.2%) 
leaffaces               76/65536         152/131072   ( 0.1%) 
leafbrushes            161/65536         322/131072   ( 0.2%) 
areas                    2/1024           16/8192     ( 0.2%) 
surfedges              312/512000       1248/2048000  ( 0.1%) 
edges                  181/256000        724/1024000  ( 0.1%) 
LDR worldlights          2/8192          200/819200   ( 0.0%) 
HDR worldlights          0/8192            0/819200   ( 0.0%) 
leafwaterdata            0/32768           0/393216   ( 0.0%) 
waterstrips              8/32768          80/327680   ( 0.0%) 
waterverts               0/65536           0/786432   ( 0.0%) 
waterindices            96/65536         192/131072   ( 0.1%) 
cubemapsamples           0/1024            0/16384    ( 0.0%) 
overlays                 0/1024            0/360448   ( 0.0%) 
LDR lightdata         [variable]       10768/0        ( 0.0%) 
HDR lightdata         [variable]           0/0        ( 0.0%) 
visdata               [variable]         652/16777216 ( 0.0%) 
entdata               [variable]         747/393216   ( 0.2%) 
LDR ambient table      113/65536         452/262144   ( 0.2%) 
HDR ambient table      113/65536         452/262144   ( 0.2%) 
LDR leaf ambient       374/65536       10472/1835008  ( 0.6%) 
HDR leaf ambient       113/65536        3164/1835008  ( 0.2%) 
occluders                0/0               0/0        ( 0.0%) 
occluder polygons        0/0               0/0        ( 0.0%) 
occluder vert ind        0/0               0/0        ( 0.0%) 
detail props          [variable]           1/12       ( 8.3%) 
static props          [variable]           1/12       ( 8.3%) 
pakfile               [variable]       74418/0        ( 0.0%) 
physics               [variable]        7572/4194304  ( 0.2%) 
physics terrain       [variable]           2/1048576  ( 0.0%) 

Level flags = 7d

Total triangle count: 148
Writing c:\program files\steam\steamapps\common\counter-strike global offensive\sdk_content\maps\work-in-progress\de_virtual\areas\arena.bsp
MSG_FILEWRITE - Filesystem was asked to write to 'c:\program files\steam\steamapps\common\counter-strike global offensive\sdk_content\maps\work-in-progress\de_virtual\areas\arena.bsp', but we don't own that location. Allowing...
0 seconds elapsed



materialPath: C:\Program Files\Steam\steamapps\common\Counter-Strike Global Offensive\csgo\materials
Loading c:\program files\steam\steamapps\common\counter-strike global offensive\sdk_content\maps\work-in-progress\de_virtual\areas\arena.vmf
Map revision 9
fixing up env_cubemap materials on brush sides...
0...1...2...3...4...5...6...7...8...9...100...1...2...3...4...5...6...7...8...9...10Processing areas...done (0)
Building Faces...done (0)
FixTjuncs...
PruneNodes...
WriteBSP...
done (0)
writing c:\program files\steam\steamapps\common\counter-strike global offensive\sdk_content\maps\work-in-progress\de_virtual\areas\arena.prt...Building visibility clusters...
AutoVisClustering (threshold=-1) matched 0 leafs.
done (0)
Finding displacement neighbors...
Finding lightmap sample positions...
Displacement Alpha : 0...1...2...3...4...5...6...7...8...9...10
Building Physics collision data...
done (0) (7572 bytes)
Placing detail props : 0...1...2...3...4...5...6...7...8...9...10
Compacting texture/material tables...
Reduced 9 texinfos to 5
Reduced 4 texdatas to 4 (102 bytes to 102)
Writing c:\program files\steam\steamapps\common\counter-strike global offensive\sdk_content\maps\work-in-progress\de_virtual\areas\arena.bsp
MSG_FILEWRITE - Filesystem was asked to write to 'c:\program files\steam\steamapps\common\counter-strike global offensive\sdk_content\maps\work-in-progress\de_virtual\areas\arena.bsp', but we don't own that location. Allowing...
0 seconds elapsed



8 threads
reading c:\program files\steam\steamapps\common\counter-strike global offensive\sdk_content\maps\work-in-progress\de_virtual\areas\arena.bsp
reading c:\program files\steam\steamapps\common\counter-strike global offensive\sdk_content\maps\work-in-progress\de_virtual\areas\arena.prt
  36 portalclusters
  84 numportals
0...1...2...3...4...5...6...7...8...9...100...1...2...3...4...5...6...7...8...9...10Optimized: 0 visible clusters (0.00%)
Total clusters visible: 1264
Average clusters visible: 35
Building PAS...
Average clusters audible: 36
visdatasize:652  compressed from 576
writing c:\program files\steam\steamapps\common\counter-strike global offensive\sdk_content\maps\work-in-progress\de_virtual\areas\arena.bsp
MSG_FILEWRITE - Filesystem was asked to write to 'c:\program files\steam\steamapps\common\counter-strike global offensive\sdk_content\maps\work-in-progress\de_virtual\areas\arena.bsp', but we don't own that location. Allowing...
0 seconds elapsed



[Reading texlights from 'lights.rad']
[40 texlights parsed from 'lights.rad']

Loading c:\program files\steam\steamapps\common\counter-strike global offensive\sdk_content\maps\work-in-progress\de_virtual\areas\arena.bsp
60 faces
479573 square feet [69058560.00 square inches]
0 Displacements
0 Square Feet [0.00 Square Inches]
60 patches before subdivision
484 patches after subdivision
2 direct lights
0...1...2...3...4...5...6...7...8...9...100...1...2...3...4...5...6...7...8...9...10transfers 17340, max 110
transfer lists:   0.1 megs
0...1...2...3...4...5...6...7...8...9...10	Bounce #1 added RGB(2370, 750, 124)
0...1...2...3...4...5...6...7...8...9...10	Bounce #2 added RGB(603, 72, 0)
0...1...2...3...4...5...6...7...8...9...10	Bounce #3 added RGB(161, 7, 0)
0...1...2...3...4...5...6...7...8...9...10	Bounce #4 added RGB(42, 1, 0)
0...1...2...3...4...5...6...7...8...9...10	Bounce #5 added RGB(11, 0, 0)
0...1...2...3...4...5...6...7...8...9...10	Bounce #6 added RGB(3, 0, 0)
0...1...2...3...4...5...6...7...8...9...10	Bounce #7 added RGB(1, 0, 0)
Build Patch/Sample Hash Table(s).....Done<0.0002 sec>
0...1...2...3...4...5...6...7...8...9...10FinalLightFace Done
0 of 0 (0% of) surface lights went in leaf ambient cubes.
0...1...2...3...4...5...6...7...8...9...10Writing leaf ambient...done
Ready to Finish

Object names       Objects/Maxobjs  Memory / Maxmem  Fullness 
------------       ---------------  ---------------  -------- 
models                   1/1024           48/49152    ( 0.1%) 
brushes                 23/8192          276/98304    ( 0.3%) 
brushsides             138/81920        1104/655360   ( 0.2%) 
planes                 168/65536        3360/1310720  ( 0.3%) 
vertexes               121/65536        1452/786432   ( 0.2%) 
nodes                  111/65536        3552/2097152  ( 0.2%) 
texinfos                 5/12288         360/884736   ( 0.0%) 
texdata                  4/4096          128/131072   ( 0.1%) 
dispinfos                0/0               0/0        ( 0.0%) 
disp_verts               0/0               0/0        ( 0.0%) 
disp_tris                0/0               0/0        ( 0.0%) 
disp_multiblend          0/0               0/0        ( 0.0%) 
disp_lmsamples           0/0               0/0        ( 0.0%) 
faces                   60/65536        3360/3670016  ( 0.1%) 
hdr faces                0/65536           0/3670016  ( 0.0%) 
origfaces               11/65536         616/3670016  ( 0.0%) 
facebrushes              0/0               0/0        ( 0.0%) 
facebrushlists          60/0             240/0        ( 0.0%) 
leaves                 113/65536        3616/2097152  ( 0.2%) 
leaffaces               76/65536         152/131072   ( 0.1%) 
leafbrushes            161/65536         322/131072   ( 0.2%) 
areas                    2/1024           16/8192     ( 0.2%) 
surfedges              312/512000       1248/2048000  ( 0.1%) 
edges                  181/256000        724/1024000  ( 0.1%) 
LDR worldlights          2/8192          200/819200   ( 0.0%) 
HDR worldlights          0/8192            0/819200   ( 0.0%) 
leafwaterdata            0/32768           0/393216   ( 0.0%) 
waterstrips              8/32768          80/327680   ( 0.0%) 
waterverts               0/65536           0/786432   ( 0.0%) 
waterindices            96/65536         192/131072   ( 0.1%) 
cubemapsamples           0/1024            0/16384    ( 0.0%) 
overlays                 0/1024            0/360448   ( 0.0%) 
LDR lightdata         [variable]       10768/0        ( 0.0%) 
HDR lightdata         [variable]           0/0        ( 0.0%) 
visdata               [variable]         652/16777216 ( 0.0%) 
entdata               [variable]         747/393216   ( 0.2%) 
LDR ambient table      113/65536         452/262144   ( 0.2%) 
HDR ambient table      113/65536         452/262144   ( 0.2%) 
LDR leaf ambient       374/65536       10472/1835008  ( 0.6%) 
HDR leaf ambient       113/65536        3164/1835008  ( 0.2%) 
occluders                0/0               0/0        ( 0.0%) 
occluder polygons        0/0               0/0        ( 0.0%) 
occluder vert ind        0/0               0/0        ( 0.0%) 
detail props          [variable]           1/12       ( 8.3%) 
static props          [variable]           1/12       ( 8.3%) 
pakfile               [variable]       74418/0        ( 0.0%) 
physics               [variable]        7572/4194304  ( 0.2%) 
physics terrain       [variable]           2/1048576  ( 0.0%) 

Level flags = 7d

Total triangle count: 148
Writing c:\program files\steam\steamapps\common\counter-strike global offensive\sdk_content\maps\work-in-progress\de_virtual\areas\arena.bsp
MSG_FILEWRITE - Filesystem was asked to write to 'c:\program files\steam\steamapps\common\counter-strike global offensive\sdk_content\maps\work-in-progress\de_virtual\areas\arena.bsp', but we don't own that location. Allowing...
0 seconds elapsed
