PRT1
36
84
4 0 4 (1024 1024 0 ) (1024 1024 -448 ) (1088 1024 -448 ) (1088 1024 0 ) 
4 0 3 (1088 1024 1600 ) (1024 1024 1600 ) (1024 1024 0 ) (1088 1024 0 ) 
4 0 2 (2048 1024 -448 ) (2048 1024 1600 ) (1088 1024 1600 ) (1088 1024 -448 ) 
4 0 1 (1024 1024 -448 ) (1024 1024 1600 ) (1024 2048 1600 ) (1024 2048 -448 ) 
4 1 9 (0 1024 -448 ) (0 1024 1600 ) (0 2048 1600 ) (0 2048 -448 ) 
4 1 8 (1024 1024 -448 ) (1024 1024 -384 ) (0 1024 -384 ) (0 1024 -448 ) 
4 1 5 (1024 1024 -384 ) (1024 1024 1600 ) (0 1024 1600 ) (0 1024 -384 ) 
4 2 18 (2048 0 -448 ) (2048 0 1600 ) (1088 0 1600 ) (1088 0 -448 ) 
4 2 4 (1088 1024 0 ) (1088 1024 -448 ) (1088 576 -448 ) (1088 576 0 ) 
4 2 3 (1088 1024 1600 ) (1088 1024 0 ) (1088 0 0 ) (1088 0 1600 ) 
4 3 19 (1024 0 1600 ) (1024 0 0 ) (1088 0 0 ) (1088 0 1600 ) 
4 3 6 (1024 576 0 ) (1024 512 0 ) (1024 512 1600 ) (1024 576 1600 ) 
4 3 5 (1024 1024 1600 ) (1024 1024 0 ) (1024 576 0 ) (1024 576 1600 ) 
4 3 7 (1024 512 0 ) (1024 0 0 ) (1024 0 1600 ) (1024 512 1600 ) 
4 3 4 (1024 1024 0 ) (1088 1024 0 ) (1088 576 0 ) (1024 576 0 ) 
4 4 8 (1024 1024 -384 ) (1024 1024 -448 ) (1024 576 -448 ) (1024 576 -384 ) 
4 4 5 (1024 1024 0 ) (1024 1024 -384 ) (1024 576 -384 ) (1024 576 0 ) 
4 5 11 (0 576 1600 ) (0 1024 1600 ) (0 1024 -384 ) (0 576 -384 ) 
4 5 8 (1024 1024 -384 ) (1024 576 -384 ) (0 576 -384 ) (0 1024 -384 ) 
4 5 6 (1024 576 0 ) (1024 576 1600 ) (0 576 1600 ) (0 576 0 ) 
4 6 12 (0 512 1600 ) (0 576 1600 ) (0 576 0 ) (0 512 0 ) 
4 6 7 (1024 512 0 ) (1024 512 1600 ) (0 512 1600 ) (0 512 0 ) 
4 7 21 (1024 0 -384 ) (1024 0 1600 ) (0 0 1600 ) (0 0 -384 ) 
4 7 13 (0 0 -384 ) (0 0 1600 ) (0 512 1600 ) (0 512 -384 ) 
4 8 14 (0 576 -384 ) (0 1024 -384 ) (0 1024 -448 ) (0 576 -448 ) 
4 9 14 (0 1024 -448 ) (0 1024 -384 ) (-1024 1024 -384 ) (-1024 1024 -448 ) 
4 9 11 (0 1024 -384 ) (0 1024 1600 ) (-1024 1024 1600 ) (-1024 1024 -384 ) 
4 9 10 (-1024 2048 1600 ) (-1024 2048 -448 ) (-1024 1024 -448 ) (-1024 1024 1600 ) 
4 10 17 (-2048 1024 1600 ) (-2048 1024 -448 ) (-1088 1024 -448 ) (-1088 1024 1600 ) 
4 10 16 (-1088 1024 -448 ) (-1024 1024 -448 ) (-1024 1024 0 ) (-1088 1024 0 ) 
4 10 15 (-1024 1024 0 ) (-1024 1024 1600 ) (-1088 1024 1600 ) (-1088 1024 0 ) 
4 11 16 (-1024 1024 0 ) (-1024 1024 -384 ) (-1024 576 -384 ) (-1024 576 0 ) 
4 11 15 (-1024 1024 1600 ) (-1024 1024 0 ) (-1024 576 0 ) (-1024 576 1600 ) 
4 11 14 (-1024 576 -384 ) (-1024 1024 -384 ) (0 1024 -384 ) (0 576 -384 ) 
4 11 12 (0 576 0 ) (0 576 1600 ) (-1024 576 1600 ) (-1024 576 0 ) 
4 12 15 (-1024 512 0 ) (-1024 512 1600 ) (-1024 576 1600 ) (-1024 576 0 ) 
4 12 13 (0 512 0 ) (0 512 1600 ) (-1024 512 1600 ) (-1024 512 0 ) 
4 13 27 (0 0 -384 ) (0 0 1600 ) (-1024 0 1600 ) (-1024 0 -384 ) 
4 13 15 (-1024 0 0 ) (-1024 0 1600 ) (-1024 512 1600 ) (-1024 512 0 ) 
4 14 16 (-1024 1024 -384 ) (-1024 1024 -448 ) (-1024 576 -448 ) (-1024 576 -384 ) 
4 15 31 (-1024 0 0 ) (-1024 0 1600 ) (-1088 0 1600 ) (-1088 0 0 ) 
4 15 17 (-1088 1024 1600 ) (-1088 1024 0 ) (-1088 0 0 ) (-1088 0 1600 ) 
4 15 16 (-1088 576 0 ) (-1088 1024 0 ) (-1024 1024 0 ) (-1024 576 0 ) 
4 16 17 (-1088 1024 0 ) (-1088 1024 -448 ) (-1088 576 -448 ) (-1088 576 0 ) 
4 17 33 (-2048 0 1600 ) (-2048 0 -448 ) (-1088 0 -448 ) (-1088 0 1600 ) 
4 18 25 (2048 -1024 -448 ) (2048 -1024 1600 ) (1088 -1024 1600 ) (1088 -1024 -448 ) 
4 18 20 (1088 -576 -448 ) (1088 -1024 -448 ) (1088 -1024 0 ) (1088 -576 0 ) 
4 18 19 (1088 -1024 0 ) (1088 -1024 1600 ) (1088 0 1600 ) (1088 0 0 ) 
4 19 25 (1024 -1024 1600 ) (1024 -1024 0 ) (1088 -1024 0 ) (1088 -1024 1600 ) 
4 19 22 (1024 -576 1600 ) (1024 -512 1600 ) (1024 -512 0 ) (1024 -576 0 ) 
4 19 21 (1024 -512 1600 ) (1024 0 1600 ) (1024 0 0 ) (1024 -512 0 ) 
4 19 23 (1024 -1024 0 ) (1024 -1024 1600 ) (1024 -576 1600 ) (1024 -576 0 ) 
4 19 20 (1088 -576 0 ) (1088 -1024 0 ) (1024 -1024 0 ) (1024 -576 0 ) 
4 20 25 (1024 -1024 0 ) (1024 -1024 -448 ) (1088 -1024 -448 ) (1088 -1024 0 ) 
4 20 24 (1024 -1024 -448 ) (1024 -1024 -384 ) (1024 -576 -384 ) (1024 -576 -448 ) 
4 20 23 (1024 -1024 -384 ) (1024 -1024 0 ) (1024 -576 0 ) (1024 -576 -384 ) 
4 21 27 (0 0 1600 ) (0 0 -384 ) (0 -512 -384 ) (0 -512 1600 ) 
4 21 22 (1024 -512 0 ) (1024 -512 1600 ) (0 -512 1600 ) (0 -512 0 ) 
4 22 28 (0 -576 0 ) (0 -576 1600 ) (0 -512 1600 ) (0 -512 0 ) 
4 22 23 (1024 -576 0 ) (1024 -576 1600 ) (0 -576 1600 ) (0 -576 0 ) 
4 23 29 (0 -576 -384 ) (0 -1024 -384 ) (0 -1024 1600 ) (0 -576 1600 ) 
4 23 26 (0 -1024 1600 ) (0 -1024 -384 ) (1024 -1024 -384 ) (1024 -1024 1600 ) 
4 23 24 (1024 -576 -384 ) (1024 -1024 -384 ) (0 -1024 -384 ) (0 -576 -384 ) 
4 24 30 (0 -576 -448 ) (0 -1024 -448 ) (0 -1024 -384 ) (0 -576 -384 ) 
4 24 26 (0 -1024 -384 ) (0 -1024 -448 ) (1024 -1024 -448 ) (1024 -1024 -384 ) 
4 25 26 (1024 -1024 1600 ) (1024 -1024 -448 ) (1024 -2048 -448 ) (1024 -2048 1600 ) 
4 26 34 (0 -2048 -448 ) (0 -2048 1600 ) (0 -1024 1600 ) (0 -1024 -448 ) 
4 27 31 (-1024 0 1600 ) (-1024 0 0 ) (-1024 -512 0 ) (-1024 -512 1600 ) 
4 27 28 (0 -512 0 ) (0 -512 1600 ) (-1024 -512 1600 ) (-1024 -512 0 ) 
4 28 31 (-1024 -576 0 ) (-1024 -576 1600 ) (-1024 -512 1600 ) (-1024 -512 0 ) 
4 28 29 (0 -576 0 ) (0 -576 1600 ) (-1024 -576 1600 ) (-1024 -576 0 ) 
4 29 34 (0 -1024 -384 ) (0 -1024 1600 ) (-1024 -1024 1600 ) (-1024 -1024 -384 ) 
4 29 32 (-1024 -576 -384 ) (-1024 -1024 -384 ) (-1024 -1024 0 ) (-1024 -576 0 ) 
4 29 31 (-1024 -1024 0 ) (-1024 -1024 1600 ) (-1024 -576 1600 ) (-1024 -576 0 ) 
4 29 30 (0 -1024 -384 ) (-1024 -1024 -384 ) (-1024 -576 -384 ) (0 -576 -384 ) 
4 30 34 (0 -1024 -448 ) (0 -1024 -384 ) (-1024 -1024 -384 ) (-1024 -1024 -448 ) 
4 30 32 (-1024 -576 -448 ) (-1024 -1024 -448 ) (-1024 -1024 -384 ) (-1024 -576 -384 ) 
4 31 35 (-1024 -1024 0 ) (-1024 -1024 1600 ) (-1088 -1024 1600 ) (-1088 -1024 0 ) 
4 31 33 (-1088 0 1600 ) (-1088 0 0 ) (-1088 -1024 0 ) (-1088 -1024 1600 ) 
4 31 32 (-1088 -1024 0 ) (-1088 -576 0 ) (-1024 -576 0 ) (-1024 -1024 0 ) 
4 32 35 (-1024 -1024 -448 ) (-1024 -1024 0 ) (-1088 -1024 0 ) (-1088 -1024 -448 ) 
4 32 33 (-1088 -576 -448 ) (-1088 -1024 -448 ) (-1088 -1024 0 ) (-1088 -576 0 ) 
4 33 35 (-2048 -1024 1600 ) (-2048 -1024 -448 ) (-1088 -1024 -448 ) (-1088 -1024 1600 ) 
4 34 35 (-1024 -1024 1600 ) (-1024 -1024 -448 ) (-1024 -2048 -448 ) (-1024 -2048 1600 ) 
